Thu Apr 14 17:31:11 2022				Page     1


 
Update Symbols/Modules Logfile
	Thu Apr 14 17:31:11 2022

------ Module Refresh Messages ------

SUMMARY:    Updated 0 out of 0 modules

------ End Module Messages     ------



(---------------------------------------------------------------------)
(                                                                     )
(    Refresh Symbol                                                   )
(                                                                     )
(    Drawing          : IRRIGATION_PROJECT.brd                        )
(    Software Version : 17.2S042                                      )
(    Date/Time        : Thu Apr 14 17:31:11 2022                      )
(                                                                     )
(---------------------------------------------------------------------)


Thu Apr 14 17:31:11 2022				Page     1


------ Symbol Refresh Directives ------

Input design  = 'D:/IRRIGATION_PROJECT/SCHEMATIC/allegro/IRRIGATION_PROJECT.brd'
Output design = ''

Update mechanical symbols              = 'NO'
Update format symbols                  = 'NO'
Update package symbols                 = 'NO'
Update shape/flash symbols             = 'NO'
Update symbol padstacks                = 'YES'
Preserve padstacks replaced on pins    = 'YES'
Reset symbol text and size locations   = 'NO'
Reset Pin Escapes (fanouts)            = 'NO'
Ripup Etch                             = 'YES'
Reset custom drill data                = 'NO'
Symbol list file                       = 'C:/Users/jb7008/AppData/Local/Temp/#Taaaaaw08300.tmp'


------ Library Paths ------
PSMPATH =  . 
           symbols 
           .. 
           ../symbols 
           C:/Cadence/SPB_17.2/share/local/pcb/symbols 
           C:/Cadence/SPB_17.2/share/pcb/pcb_lib/symbols 
           C:/Cadence/SPB_17.2/share/pcb/allegrolib/symbols 
           D:/irrigation_project/schematic/pcb_footprints/DRAFiles 

PADPATH =  . 
           symbols 
           .. 
           ../symbols 
           C:/Cadence/SPB_17.2/share/local/pcb/padstacks 
           C:/Cadence/SPB_17.2/share/pcb/pcb_lib/symbols 
           C:/Cadence/SPB_17.2/share/pcb/allegrolib/symbols 


------ Symbol Refresh Messages ------

'CON8_1X8_TU_TSW'  symbol refreshed successfully.


------ Pad Stack Refresh Messages ------

'EX55Y55D35P'  pad stack refreshed successfully.


----- Symbol Update Summary ----

Updated symbols: 1 out 1
    Design updated.

